Start testing: Oct 04 23:53 PDT
----------------------------------------------------------
1/2 Testing: AppRunsOrNot
1/2 Test: AppRunsOrNot
Command: "/home/shubham/Desktop/Fellowship/CMakeExample_CPP/printer_exec"
Directory: /home/shubham/Desktop/Fellowship/CMakeExample_CPP
"AppRunsOrNot" start time: Oct 04 23:53 PDT
Output:
----------------------------------------------------------
Hello Shyam
The result is 25
<end of output>
Test time =   0.01 sec
----------------------------------------------------------
Test Passed.
"AppRunsOrNot" end time: Oct 04 23:53 PDT
"AppRunsOrNot" time elapsed: 00:00:00
----------------------------------------------------------

2/2 Testing: CheckResult
2/2 Test: CheckResult
Command: "/home/shubham/Desktop/Fellowship/CMakeExample_CPP/printer_exec"
Directory: /home/shubham/Desktop/Fellowship/CMakeExample_CPP
"CheckResult" start time: Oct 04 23:53 PDT
Output:
----------------------------------------------------------
Hello Shyam
The result is 25
<end of output>
Test time =   0.01 sec
----------------------------------------------------------
Test Pass Reason:
Required regular expression found. Regex=[The result is 25]
"CheckResult" end time: Oct 04 23:53 PDT
"CheckResult" time elapsed: 00:00:00
----------------------------------------------------------

End testing: Oct 04 23:53 PDT
